[ 2025-08-20 23:09:35,190 ] 19 root - INFO - Initiate the data ingestion
[ 2025-08-20 23:09:39,375 ] 45 root - INFO - Connecting to database: AMITAI, collection: NetworkData
[ 2025-08-20 23:09:39,959 ] 47 root - INFO - Total documents found in collection: 11055
[ 2025-08-20 23:09:52,807 ] 64 root - INFO - DataFrame created with shape (11055, 31)
[ 2025-08-20 23:09:52,871 ] 88 root - INFO - Performed train test split on the dataframe
[ 2025-08-20 23:09:52,871 ] 90 root - INFO - Exited split_data_as_train_test method of Data_Ingestion class
[ 2025-08-20 23:09:52,872 ] 98 root - INFO - Exporting train and test file path.
[ 2025-08-20 23:09:52,915 ] 108 root - INFO - Exported train and test file path.
[ 2025-08-20 23:09:52,915 ] 21 root - INFO - Data Ingestion Completed
[ 2025-08-20 23:09:52,919 ] 26 root - INFO - Initiate the data validation
[ 2025-08-20 23:09:53,025 ] 36 root - INFO - Required number of columns:2
[ 2025-08-20 23:09:53,025 ] 37 root - INFO - Data Frame has columns: 31
[ 2025-08-20 23:09:53,025 ] 36 root - INFO - Required number of columns:2
[ 2025-08-20 23:09:53,025 ] 37 root - INFO - Data Frame has columns: 31
[ 2025-08-20 23:09:53,175 ] 28 root - INFO - Data Validation Completed
[ 2025-08-20 23:09:53,175 ] 33 root - INFO - Initiate the data transformation
[ 2025-08-20 23:09:53,175 ] 67 root - INFO - Entered initiate data transformation method of DataTransformation class
[ 2025-08-20 23:09:53,175 ] 69 root - INFO - Starting Data transformation
[ 2025-08-20 23:09:53,193 ] 52 root - INFO - Entered get_data_transformer_object method of Transformation class
[ 2025-08-20 23:09:53,193 ] 57 root - INFO - Initialise KNNImputer with {'missing_values': nan, 'n_neighbors': 3, 'weights': 'uniform'}
[ 2025-08-20 23:09:53,203 ] 47 root - INFO - Entered the save_object method of MainUtils class
[ 2025-08-20 23:09:53,205 ] 51 root - INFO - Exited to save_object method of MainUtils class
[ 2025-08-20 23:09:53,206 ] 35 root - INFO - Data Transformation Completed
[ 2025-08-20 23:09:53,206 ] 39 root - INFO - Model Training started
