[ 2025-08-20 23:40:33,141 ] 19 root - INFO - Initiate the data ingestion
[ 2025-08-20 23:40:37,352 ] 45 root - INFO - Connecting to database: AMITAI, collection: NetworkData
[ 2025-08-20 23:40:38,128 ] 47 root - INFO - Total documents found in collection: 11055
[ 2025-08-20 23:41:04,382 ] 64 root - INFO - DataFrame created with shape (11055, 31)
[ 2025-08-20 23:41:04,422 ] 88 root - INFO - Performed train test split on the dataframe
[ 2025-08-20 23:41:04,422 ] 90 root - INFO - Exited split_data_as_train_test method of Data_Ingestion class
[ 2025-08-20 23:41:04,423 ] 98 root - INFO - Exporting train and test file path.
[ 2025-08-20 23:41:04,457 ] 108 root - INFO - Exported train and test file path.
[ 2025-08-20 23:41:04,459 ] 21 root - INFO - Data Ingestion Completed
[ 2025-08-20 23:41:04,463 ] 26 root - INFO - Initiate the data validation
[ 2025-08-20 23:41:04,558 ] 36 root - INFO - Required number of columns:2
[ 2025-08-20 23:41:04,558 ] 37 root - INFO - Data Frame has columns: 31
[ 2025-08-20 23:41:04,558 ] 36 root - INFO - Required number of columns:2
[ 2025-08-20 23:41:04,558 ] 37 root - INFO - Data Frame has columns: 31
[ 2025-08-20 23:41:04,695 ] 28 root - INFO - Data Validation Completed
[ 2025-08-20 23:41:04,695 ] 33 root - INFO - Initiate the data transformation
[ 2025-08-20 23:41:04,695 ] 67 root - INFO - Entered initiate data transformation method of DataTransformation class
[ 2025-08-20 23:41:04,695 ] 69 root - INFO - Starting Data transformation
[ 2025-08-20 23:41:04,714 ] 52 root - INFO - Entered get_data_transformer_object method of Transformation class
[ 2025-08-20 23:41:04,714 ] 57 root - INFO - Initialise KNNImputer with {'missing_values': nan, 'n_neighbors': 3, 'weights': 'uniform'}
[ 2025-08-20 23:41:04,724 ] 47 root - INFO - Entered the save_object method of MainUtils class
[ 2025-08-20 23:41:04,726 ] 51 root - INFO - Exited to save_object method of MainUtils class
[ 2025-08-20 23:41:04,727 ] 35 root - INFO - Data Transformation Completed
[ 2025-08-20 23:41:04,727 ] 39 root - INFO - Model Training started
