[ 2025-08-20 22:46:28,056 ] 18 root - INFO - Initiate the data ingestion
[ 2025-08-20 22:46:32,358 ] 45 root - INFO - Connecting to database: AMITAI, collection: NetworkData
[ 2025-08-20 22:46:33,000 ] 47 root - INFO - Total documents found in collection: 11055
[ 2025-08-20 22:46:34,337 ] 64 root - INFO - DataFrame created with shape (11055, 31)
[ 2025-08-20 22:46:34,413 ] 88 root - INFO - Performed train test split on the dataframe
[ 2025-08-20 22:46:34,413 ] 90 root - INFO - Exited split_data_as_train_test method of Data_Ingestion class
[ 2025-08-20 22:46:34,413 ] 98 root - INFO - Exporting train and test file path.
[ 2025-08-20 22:46:34,450 ] 108 root - INFO - Exported train and test file path.
[ 2025-08-20 22:46:34,450 ] 20 root - INFO - Data Ingestion Completed
[ 2025-08-20 22:46:34,455 ] 25 root - INFO - Initiate the data validation
[ 2025-08-20 22:46:34,518 ] 36 root - INFO - Required number of columns:2
[ 2025-08-20 22:46:34,518 ] 37 root - INFO - Data Frame has columns: 31
[ 2025-08-20 22:46:34,518 ] 36 root - INFO - Required number of columns:2
[ 2025-08-20 22:46:34,518 ] 37 root - INFO - Data Frame has columns: 31
[ 2025-08-20 22:46:34,608 ] 27 root - INFO - Data Validation Completed
[ 2025-08-20 22:46:34,609 ] 32 root - INFO - Initiate the data transformation
[ 2025-08-20 22:46:34,609 ] 67 root - INFO - Entered initiate data transformation method of DataTransformation class
[ 2025-08-20 22:46:34,609 ] 69 root - INFO - Starting Data transformation
[ 2025-08-20 22:46:34,626 ] 52 root - INFO - Entered get_data_transformer_object method of Transformation class
[ 2025-08-20 22:46:34,626 ] 57 root - INFO - Initialise KNNImputer with {'missing_values': nan, 'n_neighbors': 3, 'weights': 'uniform'}
[ 2025-08-20 22:46:34,637 ] 47 root - INFO - Entered the save_object method of MainUtils class
[ 2025-08-20 22:46:34,640 ] 51 root - INFO - Exited to save_object method of MainUtils class
[ 2025-08-20 22:46:34,641 ] 34 root - INFO - Data Transformation Completed
[ 2025-08-20 22:46:34,642 ] 38 root - INFO - Model Training started
