[ 2025-08-21 00:19:11,632 ] 19 root - INFO - Initiate the data ingestion
[ 2025-08-21 00:19:20,027 ] 45 root - INFO - Connecting to database: AMITAI, collection: NetworkData
[ 2025-08-21 00:19:21,394 ] 47 root - INFO - Total documents found in collection: 11055
[ 2025-08-21 00:19:48,976 ] 64 root - INFO - DataFrame created with shape (11055, 31)
[ 2025-08-21 00:19:49,013 ] 88 root - INFO - Performed train test split on the dataframe
[ 2025-08-21 00:19:49,013 ] 90 root - INFO - Exited split_data_as_train_test method of Data_Ingestion class
[ 2025-08-21 00:19:49,014 ] 98 root - INFO - Exporting train and test file path.
[ 2025-08-21 00:19:49,045 ] 108 root - INFO - Exported train and test file path.
[ 2025-08-21 00:19:49,046 ] 21 root - INFO - Data Ingestion Completed
[ 2025-08-21 00:19:49,049 ] 26 root - INFO - Initiate the data validation
[ 2025-08-21 00:19:49,146 ] 36 root - INFO - Required number of columns:2
[ 2025-08-21 00:19:49,146 ] 37 root - INFO - Data Frame has columns: 31
[ 2025-08-21 00:19:49,147 ] 36 root - INFO - Required number of columns:2
[ 2025-08-21 00:19:49,147 ] 37 root - INFO - Data Frame has columns: 31
[ 2025-08-21 00:19:49,245 ] 28 root - INFO - Data Validation Completed
[ 2025-08-21 00:19:49,245 ] 33 root - INFO - Initiate the data transformation
[ 2025-08-21 00:19:49,245 ] 67 root - INFO - Entered initiate data transformation method of DataTransformation class
[ 2025-08-21 00:19:49,245 ] 69 root - INFO - Starting Data transformation
[ 2025-08-21 00:19:49,262 ] 52 root - INFO - Entered get_data_transformer_object method of Transformation class
[ 2025-08-21 00:19:49,262 ] 57 root - INFO - Initialise KNNImputer with {'missing_values': nan, 'n_neighbors': 3, 'weights': 'uniform'}
[ 2025-08-21 00:19:49,271 ] 49 root - INFO - Entered the save_object method of MainUtils class
[ 2025-08-21 00:19:49,273 ] 53 root - INFO - Exited to save_object method of MainUtils class
[ 2025-08-21 00:19:49,273 ] 35 root - INFO - Data Transformation Completed
[ 2025-08-21 00:19:49,274 ] 39 root - INFO - Model Training started
