[ 2025-08-21 01:16:44,402 ] 19 root - INFO - Initiate the data ingestion
[ 2025-08-21 01:16:48,623 ] 45 root - INFO - Connecting to database: AMITAI, collection: NetworkData
[ 2025-08-21 01:16:49,219 ] 47 root - INFO - Total documents found in collection: 11055
[ 2025-08-21 01:16:55,782 ] 64 root - INFO - DataFrame created with shape (11055, 31)
[ 2025-08-21 01:16:55,836 ] 88 root - INFO - Performed train test split on the dataframe
[ 2025-08-21 01:16:55,837 ] 90 root - INFO - Exited split_data_as_train_test method of Data_Ingestion class
[ 2025-08-21 01:16:55,837 ] 98 root - INFO - Exporting train and test file path.
[ 2025-08-21 01:16:55,871 ] 108 root - INFO - Exported train and test file path.
[ 2025-08-21 01:16:55,873 ] 21 root - INFO - Data Ingestion Completed
[ 2025-08-21 01:16:55,876 ] 26 root - INFO - Initiate the data validation
[ 2025-08-21 01:16:55,979 ] 36 root - INFO - Required number of columns:2
[ 2025-08-21 01:16:55,979 ] 37 root - INFO - Data Frame has columns: 31
[ 2025-08-21 01:16:55,979 ] 36 root - INFO - Required number of columns:2
[ 2025-08-21 01:16:55,979 ] 37 root - INFO - Data Frame has columns: 31
[ 2025-08-21 01:16:56,181 ] 28 root - INFO - Data Validation Completed
[ 2025-08-21 01:16:56,182 ] 33 root - INFO - Initiate the data transformation
[ 2025-08-21 01:16:56,182 ] 67 root - INFO - Entered initiate data transformation method of DataTransformation class
[ 2025-08-21 01:16:56,182 ] 69 root - INFO - Starting Data transformation
[ 2025-08-21 01:16:56,197 ] 52 root - INFO - Entered get_data_transformer_object method of Transformation class
[ 2025-08-21 01:16:56,197 ] 57 root - INFO - Initialise KNNImputer with {'missing_values': nan, 'n_neighbors': 3, 'weights': 'uniform'}
[ 2025-08-21 01:16:56,207 ] 49 root - INFO - Entered the save_object method of MainUtils class
[ 2025-08-21 01:16:56,210 ] 53 root - INFO - Exited to save_object method of MainUtils class
[ 2025-08-21 01:16:56,211 ] 35 root - INFO - Data Transformation Completed
[ 2025-08-21 01:16:56,211 ] 39 root - INFO - Model Training started
[ 2025-08-21 01:20:07,231 ] 49 root - INFO - Entered the save_object method of MainUtils class
[ 2025-08-21 01:20:07,243 ] 53 root - INFO - Exited to save_object method of MainUtils class
[ 2025-08-21 01:20:07,244 ] 134 root - INFO - Model Trainer artifact: ModelTrainerArtifact(trained_model_file_path='Artifacts\\08_21_2025_01_16_41\\model_trainer\\trained_model\\model.pkl', train_metric_artifact=ClassificationMetricArtifact(f1_score=0.9906580016246954, precision_score=0.9888505980133793, recall_score=0.992472024415056), test_metric_artifact=ClassificationMetricArtifact(f1_score=0.9791666666666666, precision_score=0.9744816586921851, recall_score=0.9838969404186796))
[ 2025-08-21 01:20:07,245 ] 43 root - INFO - Model Training Artifact Created
