[ 2025-08-20 22:45:14,175 ] 18 root - INFO - Initiate the data ingestion
[ 2025-08-20 22:45:18,498 ] 45 root - INFO - Connecting to database: AMITAI, collection: NetworkData
[ 2025-08-20 22:45:19,471 ] 47 root - INFO - Total documents found in collection: 11055
[ 2025-08-20 22:45:23,779 ] 64 root - INFO - DataFrame created with shape (11055, 31)
[ 2025-08-20 22:45:23,815 ] 88 root - INFO - Performed train test split on the dataframe
[ 2025-08-20 22:45:23,815 ] 90 root - INFO - Exited split_data_as_train_test method of Data_Ingestion class
[ 2025-08-20 22:45:23,815 ] 98 root - INFO - Exporting train and test file path.
[ 2025-08-20 22:45:23,846 ] 108 root - INFO - Exported train and test file path.
[ 2025-08-20 22:45:23,847 ] 20 root - INFO - Data Ingestion Completed
[ 2025-08-20 22:45:23,864 ] 25 root - INFO - Initiate the data validation
[ 2025-08-20 22:45:23,950 ] 36 root - INFO - Required number of columns:2
[ 2025-08-20 22:45:23,950 ] 37 root - INFO - Data Frame has columns: 31
[ 2025-08-20 22:45:23,950 ] 36 root - INFO - Required number of columns:2
[ 2025-08-20 22:45:23,950 ] 37 root - INFO - Data Frame has columns: 31
[ 2025-08-20 22:45:24,043 ] 27 root - INFO - Data Validation Completed
[ 2025-08-20 22:45:24,043 ] 32 root - INFO - Initiate the data transformation
[ 2025-08-20 22:45:24,044 ] 67 root - INFO - Entered initiate data transformation method of DataTransformation class
[ 2025-08-20 22:45:24,044 ] 69 root - INFO - Starting Data transformation
[ 2025-08-20 22:45:24,069 ] 52 root - INFO - Entered get_data_transformer_object method of Transformation class
[ 2025-08-20 22:45:24,069 ] 57 root - INFO - Initialise KNNImputer with {'missing_values': nan, 'n_neighbors': 3, 'weights': 'uniform'}
[ 2025-08-20 22:45:24,081 ] 47 root - INFO - Entered the save_object method of MainUtils class
[ 2025-08-20 22:45:24,082 ] 51 root - INFO - Exited to save_object method of MainUtils class
[ 2025-08-20 22:45:24,083 ] 34 root - INFO - Data Transformation Completed
[ 2025-08-20 22:45:24,083 ] 38 root - INFO - Model Training started
