[ 2025-08-20 22:50:38,426 ] 18 root - INFO - Initiate the data ingestion
[ 2025-08-20 22:50:42,640 ] 45 root - INFO - Connecting to database: AMITAI, collection: NetworkData
[ 2025-08-20 22:50:43,334 ] 47 root - INFO - Total documents found in collection: 11055
[ 2025-08-20 22:50:44,411 ] 64 root - INFO - DataFrame created with shape (11055, 31)
[ 2025-08-20 22:50:44,454 ] 88 root - INFO - Performed train test split on the dataframe
[ 2025-08-20 22:50:44,454 ] 90 root - INFO - Exited split_data_as_train_test method of Data_Ingestion class
[ 2025-08-20 22:50:44,455 ] 98 root - INFO - Exporting train and test file path.
[ 2025-08-20 22:50:44,489 ] 108 root - INFO - Exported train and test file path.
[ 2025-08-20 22:50:44,490 ] 20 root - INFO - Data Ingestion Completed
[ 2025-08-20 22:50:44,493 ] 25 root - INFO - Initiate the data validation
[ 2025-08-20 22:50:44,543 ] 36 root - INFO - Required number of columns:2
[ 2025-08-20 22:50:44,543 ] 37 root - INFO - Data Frame has columns: 31
[ 2025-08-20 22:50:44,543 ] 36 root - INFO - Required number of columns:2
[ 2025-08-20 22:50:44,543 ] 37 root - INFO - Data Frame has columns: 31
[ 2025-08-20 22:50:44,645 ] 27 root - INFO - Data Validation Completed
[ 2025-08-20 22:50:44,645 ] 32 root - INFO - Initiate the data transformation
[ 2025-08-20 22:50:44,645 ] 67 root - INFO - Entered initiate data transformation method of DataTransformation class
[ 2025-08-20 22:50:44,645 ] 69 root - INFO - Starting Data transformation
[ 2025-08-20 22:50:44,663 ] 52 root - INFO - Entered get_data_transformer_object method of Transformation class
[ 2025-08-20 22:50:44,663 ] 57 root - INFO - Initialise KNNImputer with {'missing_values': nan, 'n_neighbors': 3, 'weights': 'uniform'}
[ 2025-08-20 22:50:44,671 ] 47 root - INFO - Entered the save_object method of MainUtils class
[ 2025-08-20 22:50:44,673 ] 51 root - INFO - Exited to save_object method of MainUtils class
[ 2025-08-20 22:50:44,674 ] 34 root - INFO - Data Transformation Completed
[ 2025-08-20 22:50:44,674 ] 38 root - INFO - Model Training started
