[ 2025-08-20 23:57:51,592 ] 19 root - INFO - Initiate the data ingestion
[ 2025-08-20 23:57:55,852 ] 45 root - INFO - Connecting to database: AMITAI, collection: NetworkData
[ 2025-08-20 23:57:56,948 ] 47 root - INFO - Total documents found in collection: 11055
[ 2025-08-20 23:58:22,138 ] 64 root - INFO - DataFrame created with shape (11055, 31)
[ 2025-08-20 23:58:22,201 ] 88 root - INFO - Performed train test split on the dataframe
[ 2025-08-20 23:58:22,201 ] 90 root - INFO - Exited split_data_as_train_test method of Data_Ingestion class
[ 2025-08-20 23:58:22,201 ] 98 root - INFO - Exporting train and test file path.
[ 2025-08-20 23:58:22,244 ] 108 root - INFO - Exported train and test file path.
[ 2025-08-20 23:58:22,244 ] 21 root - INFO - Data Ingestion Completed
[ 2025-08-20 23:58:22,248 ] 26 root - INFO - Initiate the data validation
[ 2025-08-20 23:58:22,328 ] 36 root - INFO - Required number of columns:2
[ 2025-08-20 23:58:22,328 ] 37 root - INFO - Data Frame has columns: 31
[ 2025-08-20 23:58:22,328 ] 36 root - INFO - Required number of columns:2
[ 2025-08-20 23:58:22,328 ] 37 root - INFO - Data Frame has columns: 31
[ 2025-08-20 23:58:22,462 ] 28 root - INFO - Data Validation Completed
[ 2025-08-20 23:58:22,463 ] 33 root - INFO - Initiate the data transformation
[ 2025-08-20 23:58:22,463 ] 67 root - INFO - Entered initiate data transformation method of DataTransformation class
[ 2025-08-20 23:58:22,463 ] 69 root - INFO - Starting Data transformation
[ 2025-08-20 23:58:22,480 ] 52 root - INFO - Entered get_data_transformer_object method of Transformation class
[ 2025-08-20 23:58:22,480 ] 57 root - INFO - Initialise KNNImputer with {'missing_values': nan, 'n_neighbors': 3, 'weights': 'uniform'}
[ 2025-08-20 23:58:22,490 ] 49 root - INFO - Entered the save_object method of MainUtils class
[ 2025-08-20 23:58:22,492 ] 53 root - INFO - Exited to save_object method of MainUtils class
[ 2025-08-20 23:58:22,492 ] 35 root - INFO - Data Transformation Completed
[ 2025-08-20 23:58:22,493 ] 39 root - INFO - Model Training started
